#
# There is insufficient memory for the Java Runtime Environment to continue.
# Native memory allocation (mmap) failed to map 31457280 bytes for G1 virtual space
# Possible reasons:
#   The system is out of physical RAM or swap space
#   The process is running with CompressedOops enabled, and the Java Heap may be blocking the growth of the native heap
# Possible solutions:
#   Reduce memory load on the system
#   Increase physical memory or swap space
#   Check if swap backing store is full
#   Decrease Java heap size (-Xmx/-Xms)
#   Decrease number of Java threads
#   Decrease Java thread stack sizes (-Xss)
#   Set larger code cache with -XX:ReservedCodeCacheSize=
#   JVM is running with Zero Based Compressed Oops mode in which the Java heap is
#     placed in the first 32GB address space. The Java Heap base address is the
#     maximum limit for the native heap growth. Please use -XX:HeapBaseMinAddress
#     to set the Java Heap base and to place the Java Heap above 32GB virtual address.
# This output file may be truncated or incomplete.
#
#  Out of Memory Error (os_windows.cpp:3825), pid=12640, tid=16924
#
# JRE version: OpenJDK Runtime Environment (17.0.10) (build 17.0.10+0--11609105)
# Java VM: OpenJDK 64-Bit Server VM (17.0.10+0--11609105, mixed mode, tiered, compressed oops, compressed class ptrs, g1 gc, windows-amd64)
# No core dump will be written. Minidumps are not enabled by default on client versions of Windows
#

---------------  S U M M A R Y ------------

Command Line: org.jetbrains.kotlin.cli.jvm.K2JVMCompiler @C:\Users\msi\AndroidStudioProjects\HackFusion\app\build\20250317_18089620980919004766.compiler.options

Host: Intel(R) Core(TM) i5-9300H CPU @ 2.40GHz, 8 cores, 15G,  Windows 11 , 64 bit Build 22621 (10.0.22621.4974)
Time: Mon Mar 17 20:47:53 2025 India Standard Time elapsed time: 7.278746 seconds (0d 0h 0m 7s)

---------------  T H R E A D  ---------------

Current thread (0x000002482d053040):  VMThread "VM Thread" [stack: 0x000000a475c00000,0x000000a475d00000] [id=16924]

Stack: [0x000000a475c00000,0x000000a475d00000]
Native frames: (J=compiled Java code, j=interpreted, Vv=VM code, C=native code)
V  [jvm.dll+0x688de9]
V  [jvm.dll+0x8423da]
V  [jvm.dll+0x84401e]
V  [jvm.dll+0x844683]
V  [jvm.dll+0x24be0f]
V  [jvm.dll+0x685bb9]
V  [jvm.dll+0x67a46a]
V  [jvm.dll+0x30cbab]
V  [jvm.dll+0x314056]
V  [jvm.dll+0x363dce]
V  [jvm.dll+0x363fff]
V  [jvm.dll+0x2e2978]
V  [jvm.dll+0x2e0b54]
V  [jvm.dll+0x2e015c]
V  [jvm.dll+0x32502b]
V  [jvm.dll+0x848d7b]
V  [jvm.dll+0x849ac1]
V  [jvm.dll+0x849fdd]
V  [jvm.dll+0x84a3b4]
V  [jvm.dll+0x84a480]
V  [jvm.dll+0x7f0c7a]
V  [jvm.dll+0x687c65]
C  [ucrtbase.dll+0x29333]
C  [KERNEL32.DLL+0x1259d]
C  [ntdll.dll+0x5af38]

VM_Operation (0x000000a4756f8d00): G1CollectForAllocation, mode: safepoint, requested by thread 0x00000248083be7c0


---------------  P R O C E S S  ---------------

Threads class SMR info:
_java_thread_list=0x000002482e9b1c50, length=14, elements={
0x00000248083be7c0, 0x000002482d05c5c0, 0x000002482d05cf90, 0x000002482d0b8db0,
0x000002482d0b9880, 0x000002482d0ba240, 0x000002482d0bac00, 0x000002482d0b3140,
0x000002482d0b3b00, 0x000002482d0b4500, 0x000002482d2372a0, 0x000002482d249c40,
0x000002482f5b3eb0, 0x000002482f9be030
}

Java Threads: ( => current thread )
  0x00000248083be7c0 JavaThread "main" [_thread_blocked, id=15068, stack(0x000000a475600000,0x000000a475700000)]
  0x000002482d05c5c0 JavaThread "Reference Handler" daemon [_thread_blocked, id=11636, stack(0x000000a475d00000,0x000000a475e00000)]
  0x000002482d05cf90 JavaThread "Finalizer" daemon [_thread_blocked, id=9436, stack(0x000000a475e00000,0x000000a475f00000)]
  0x000002482d0b8db0 JavaThread "Signal Dispatcher" daemon [_thread_blocked, id=9084, stack(0x000000a475f00000,0x000000a476000000)]
  0x000002482d0b9880 JavaThread "Attach Listener" daemon [_thread_blocked, id=9968, stack(0x000000a476000000,0x000000a476100000)]
  0x000002482d0ba240 JavaThread "Service Thread" daemon [_thread_blocked, id=16380, stack(0x000000a476100000,0x000000a476200000)]
  0x000002482d0bac00 JavaThread "Monitor Deflation Thread" daemon [_thread_blocked, id=6512, stack(0x000000a476200000,0x000000a476300000)]
  0x000002482d0b3140 JavaThread "C2 CompilerThread0" daemon [_thread_blocked, id=15084, stack(0x000000a476300000,0x000000a476400000)]
  0x000002482d0b3b00 JavaThread "C1 CompilerThread0" daemon [_thread_blocked, id=7736, stack(0x000000a476400000,0x000000a476500000)]
  0x000002482d0b4500 JavaThread "Sweeper thread" daemon [_thread_blocked, id=13040, stack(0x000000a476500000,0x000000a476600000)]
  0x000002482d2372a0 JavaThread "Notification Thread" daemon [_thread_blocked, id=4980, stack(0x000000a476600000,0x000000a476700000)]
  0x000002482d249c40 JavaThread "Common-Cleaner" daemon [_thread_blocked, id=16848, stack(0x000000a476800000,0x000000a476900000)]
  0x000002482f5b3eb0 JavaThread "C2 CompilerThread1" daemon [_thread_in_native, id=9024, stack(0x000000a476900000,0x000000a476a00000)]
  0x000002482f9be030 JavaThread "C2 CompilerThread2" daemon [_thread_blocked, id=12248, stack(0x000000a477200000,0x000000a477300000)]

Other Threads:
=>0x000002482d053040 VMThread "VM Thread" [stack: 0x000000a475c00000,0x000000a475d00000] [id=16924]
  0x000002482d237780 WatcherThread [stack: 0x000000a476700000,0x000000a476800000] [id=15312]
  0x000002480842a440 GCTaskThread "GC Thread#0" [stack: 0x000000a475700000,0x000000a475800000] [id=7576]
  0x000002482d7b35e0 GCTaskThread "GC Thread#1" [stack: 0x000000a476a00000,0x000000a476b00000] [id=5836]
  0x000002482d7b38a0 GCTaskThread "GC Thread#2" [stack: 0x000000a476b00000,0x000000a476c00000] [id=5500]
  0x000002482d7b3b60 GCTaskThread "GC Thread#3" [stack: 0x000000a476c00000,0x000000a476d00000] [id=11660]
  0x000002482d7b3e20 GCTaskThread "GC Thread#4" [stack: 0x000000a476d00000,0x000000a476e00000] [id=16172]
  0x000002482d81e730 GCTaskThread "GC Thread#5" [stack: 0x000000a476e00000,0x000000a476f00000] [id=8732]
  0x000002482dd35d70 GCTaskThread "GC Thread#6" [stack: 0x000000a476f00000,0x000000a477000000] [id=16432]
  0x000002482dd36030 GCTaskThread "GC Thread#7" [stack: 0x000000a477000000,0x000000a477100000] [id=13436]
  0x000002480843c130 ConcurrentGCThread "G1 Main Marker" [stack: 0x000000a475800000,0x000000a475900000] [id=12840]
  0x000002480843cb50 ConcurrentGCThread "G1 Conc#0" [stack: 0x000000a475900000,0x000000a475a00000] [id=2600]
  0x000002482d800060 ConcurrentGCThread "G1 Conc#1" [stack: 0x000000a477100000,0x000000a477200000] [id=2588]
  0x0000024828b355a0 ConcurrentGCThread "G1 Refine#0" [stack: 0x000000a475a00000,0x000000a475b00000] [id=5892]
  0x000002482fd99990 ConcurrentGCThread "G1 Refine#1" [stack: 0x000000a477300000,0x000000a477400000] [id=6424]
  0x000002482fd99f70 ConcurrentGCThread "G1 Refine#2" [stack: 0x000000a477400000,0x000000a477500000] [id=10864]
  0x000002482e945a00 ConcurrentGCThread "G1 Refine#3" [stack: 0x000000a477500000,0x000000a477600000] [id=6140]
  0x000002482e946e90 ConcurrentGCThread "G1 Refine#4" [stack: 0x000000a477600000,0x000000a477700000] [id=4804]
  0x000002482e9465c0 ConcurrentGCThread "G1 Refine#5" [stack: 0x000000a477700000,0x000000a477800000] [id=14224]
  0x0000024828b36d90 ConcurrentGCThread "G1 Service" [stack: 0x000000a475b00000,0x000000a475c00000] [id=12592]

Threads with active compile tasks:
C2 CompilerThread0     7295 8098       4       org.jetbrains.kotlin.fir.resolve.providers.FirSymbolNamesProvider::mayHaveTopLevelCallable (42 bytes)
C2 CompilerThread1     7295 7759       4       org.jetbrains.org.objectweb.asm.ClassReader::readMethod (1061 bytes)
C2 CompilerThread2     7295 7881       4       org.jetbrains.kotlin.fir.resolve.providers.impl.FirCachingCompositeSymbolProvider::getClassLikeSymbolByClassId (37 bytes)

VM state: at safepoint (normal execution)

VM Mutex/Monitor currently owned by a thread:  ([mutex/lock_event])
[0x00000248083babf0] Threads_lock - owner thread: 0x000002482d053040
[0x00000248083bada0] Heap_lock - owner thread: 0x00000248083be7c0

Heap address: 0x0000000702600000, size: 4058 MB, Compressed Oops mode: Zero based, Oop shift amount: 3

CDS archive(s) not mapped
Compressed class space mapped at: 0x0000000800000000-0x0000000840000000, reserved size: 1073741824
Narrow klass base: 0x0000000800000000, Narrow klass shift: 0, Narrow klass range: 0x40000000

GC Precious Log:
 CPUs: 8 total, 8 available
 Memory: 16228M
 Large Page Support: Disabled
 NUMA Support: Disabled
 Compressed Oops: Enabled (Zero based)
 Heap Region Size: 2M
 Heap Min Capacity: 8M
 Heap Initial Capacity: 254M
 Heap Max Capacity: 4058M
 Pre-touch: Disabled
 Parallel Workers: 8
 Concurrent Workers: 2
 Concurrent Refinement Workers: 8
 Periodic GC: Disabled

Heap:
 garbage-first heap   total 229376K, used 76389K [0x0000000702600000, 0x0000000800000000)
  region size 2048K, 3 young (6144K), 3 survivors (6144K)
 Metaspace       used 61897K, committed 62208K, reserved 1114112K
  class space    used 7103K, committed 7232K, reserved 1048576K

Heap Regions: E=young(eden), S=young(survivor), O=old, HS=humongous(starts), HC=humongous(continues), CS=collection set, F=free, OA=open archive, CA=closed archive, TAMS=top-at-mark-start (previous, next)
|   0|0x0000000702600000, 0x0000000702800000, 0x0000000702800000|100%|HS|  |TAMS 0x0000000702800000, 0x0000000702600000| Complete 
|   1|0x0000000702800000, 0x0000000702a00000, 0x0000000702a00000|100%|HC|  |TAMS 0x0000000702a00000, 0x0000000702800000| Complete 
|   2|0x0000000702a00000, 0x0000000702c00000, 0x0000000702c00000|100%| O|  |TAMS 0x0000000702b35800, 0x0000000702a00000| Untracked 
|   3|0x0000000702c00000, 0x0000000702e00000, 0x0000000702e00000|100%| O|  |TAMS 0x0000000702c00000, 0x0000000702c00000| Untracked 
|   4|0x0000000702e00000, 0x0000000703000000, 0x0000000703000000|100%| O|  |TAMS 0x0000000703000000, 0x0000000702e00000| Untracked 
|   5|0x0000000703000000, 0x0000000703200000, 0x0000000703200000|100%| O|  |TAMS 0x0000000703000000, 0x0000000703000000| Untracked 
|   6|0x0000000703200000, 0x0000000703400000, 0x0000000703400000|100%| O|  |TAMS 0x0000000703400000, 0x0000000703200000| Untracked 
|   7|0x0000000703400000, 0x0000000703600000, 0x0000000703600000|100%| O|  |TAMS 0x0000000703600000, 0x0000000703400000| Untracked 
|   8|0x0000000703600000, 0x0000000703800000, 0x0000000703800000|100%| O|  |TAMS 0x0000000703800000, 0x0000000703600000| Untracked 
|   9|0x0000000703800000, 0x0000000703a00000, 0x0000000703a00000|100%| O|  |TAMS 0x0000000703a00000, 0x0000000703800000| Untracked 
|  10|0x0000000703a00000, 0x0000000703c00000, 0x0000000703c00000|100%| O|  |TAMS 0x0000000703c00000, 0x0000000703a00000| Untracked 
|  11|0x0000000703c00000, 0x0000000703e00000, 0x0000000703e00000|100%| O|  |TAMS 0x0000000703e00000, 0x0000000703c00000| Untracked 
|  12|0x0000000703e00000, 0x0000000704000000, 0x0000000704000000|100%| O|  |TAMS 0x0000000703e00000, 0x0000000703e00000| Untracked 
|  13|0x0000000704000000, 0x0000000704200000, 0x0000000704200000|100%| O|  |TAMS 0x0000000704000000, 0x0000000704000000| Untracked 
|  14|0x0000000704200000, 0x0000000704400000, 0x0000000704400000|100%| O|  |TAMS 0x0000000704200000, 0x0000000704200000| Untracked 
|  15|0x0000000704400000, 0x0000000704600000, 0x0000000704600000|100%| O|  |TAMS 0x0000000704400000, 0x0000000704400000| Untracked 
|  16|0x0000000704600000, 0x0000000704800000, 0x0000000704800000|100%| O|  |TAMS 0x0000000704600000, 0x0000000704600000| Untracked 
|  17|0x0000000704800000, 0x0000000704a00000, 0x0000000704a00000|100%| O|  |TAMS 0x0000000704800000, 0x0000000704800000| Untracked 
|  18|0x0000000704a00000, 0x0000000704c00000, 0x0000000704c00000|100%| O|  |TAMS 0x0000000704a00000, 0x0000000704a00000| Untracked 
|  19|0x0000000704c00000, 0x0000000704e00000, 0x0000000704e00000|100%| O|  |TAMS 0x0000000704c00000, 0x0000000704c00000| Untracked 
|  20|0x0000000704e00000, 0x0000000705000000, 0x0000000705000000|100%| O|  |TAMS 0x0000000704e00000, 0x0000000704e00000| Untracked 
|  21|0x0000000705000000, 0x0000000705200000, 0x0000000705200000|100%| O|  |TAMS 0x0000000705000000, 0x0000000705000000| Untracked 
|  22|0x0000000705200000, 0x0000000705400000, 0x0000000705400000|100%| O|  |TAMS 0x0000000705200000, 0x0000000705200000| Untracked 
|  23|0x0000000705400000, 0x0000000705600000, 0x0000000705600000|100%| O|  |TAMS 0x0000000705400000, 0x0000000705400000| Untracked 
|  24|0x0000000705600000, 0x0000000705800000, 0x0000000705800000|100%| O|  |TAMS 0x0000000705600000, 0x0000000705600000| Untracked 
|  25|0x0000000705800000, 0x0000000705a00000, 0x0000000705a00000|100%| O|  |TAMS 0x0000000705800000, 0x0000000705800000| Untracked 
|  26|0x0000000705a00000, 0x0000000705c00000, 0x0000000705c00000|100%| O|  |TAMS 0x0000000705a00000, 0x0000000705a00000| Untracked 
|  27|0x0000000705c00000, 0x0000000705e00000, 0x0000000705e00000|100%| O|  |TAMS 0x0000000705c00000, 0x0000000705c00000| Untracked 
|  28|0x0000000705e00000, 0x0000000706000000, 0x0000000706000000|100%| O|  |TAMS 0x0000000705e00000, 0x0000000705e00000| Untracked 
|  29|0x0000000706000000, 0x0000000706200000, 0x0000000706200000|100%| O|  |TAMS 0x0000000706000000, 0x0000000706000000| Untracked 
|  30|0x0000000706200000, 0x0000000706400000, 0x0000000706400000|100%| O|  |TAMS 0x0000000706200000, 0x0000000706200000| Untracked 
|  31|0x0000000706400000, 0x0000000706600000, 0x0000000706600000|100%| O|  |TAMS 0x0000000706400000, 0x0000000706400000| Untracked 
|  32|0x0000000706600000, 0x0000000706800000, 0x0000000706800000|100%| O|  |TAMS 0x0000000706600000, 0x0000000706600000| Untracked 
|  33|0x0000000706800000, 0x0000000706a00000, 0x0000000706a00000|100%| O|  |TAMS 0x0000000706800000, 0x0000000706800000| Untracked 
|  34|0x0000000706a00000, 0x0000000706a99400, 0x0000000706c00000| 29%| O|  |TAMS 0x0000000706a00000, 0x0000000706a00000| Untracked 
|  35|0x0000000706c00000, 0x0000000706c00000, 0x0000000706e00000|  0%| F|  |TAMS 0x0000000706c00000, 0x0000000706c00000| Untracked 
|  36|0x0000000706e00000, 0x0000000706e00000, 0x0000000707000000|  0%| F|  |TAMS 0x0000000706e00000, 0x0000000706e00000| Untracked 
|  37|0x0000000707000000, 0x0000000707000000, 0x0000000707200000|  0%| F|  |TAMS 0x0000000707000000, 0x0000000707000000| Untracked 
|  38|0x0000000707200000, 0x0000000707200000, 0x0000000707400000|  0%| F|  |TAMS 0x0000000707200000, 0x0000000707200000| Untracked 
|  39|0x0000000707400000, 0x0000000707400000, 0x0000000707600000|  0%| F|  |TAMS 0x0000000707400000, 0x0000000707400000| Untracked 
|  40|0x0000000707600000, 0x0000000707600000, 0x0000000707800000|  0%| F|  |TAMS 0x0000000707600000, 0x0000000707600000| Untracked 
|  41|0x0000000707800000, 0x0000000707800000, 0x0000000707a00000|  0%| F|  |TAMS 0x0000000707800000, 0x0000000707800000| Untracked 
|  42|0x0000000707a00000, 0x0000000707a00000, 0x0000000707c00000|  0%| F|  |TAMS 0x0000000707a00000, 0x0000000707a00000| Untracked 
|  43|0x0000000707c00000, 0x0000000707c00000, 0x0000000707e00000|  0%| F|  |TAMS 0x0000000707c00000, 0x0000000707c00000| Untracked 
|  44|0x0000000707e00000, 0x0000000707e00000, 0x0000000708000000|  0%| F|  |TAMS 0x0000000707e00000, 0x0000000707e00000| Untracked 
|  45|0x0000000708000000, 0x0000000708000000, 0x0000000708200000|  0%| F|  |TAMS 0x0000000708000000, 0x0000000708000000| Untracked 
|  46|0x0000000708200000, 0x0000000708200000, 0x0000000708400000|  0%| F|  |TAMS 0x0000000708200000, 0x0000000708200000| Untracked 
|  47|0x0000000708400000, 0x0000000708400000, 0x0000000708600000|  0%| F|  |TAMS 0x0000000708400000, 0x0000000708400000| Untracked 
|  48|0x0000000708600000, 0x0000000708600000, 0x0000000708800000|  0%| F|  |TAMS 0x0000000708600000, 0x0000000708600000| Untracked 
|  49|0x0000000708800000, 0x0000000708800000, 0x0000000708a00000|  0%| F|  |TAMS 0x0000000708800000, 0x0000000708800000| Untracked 
|  50|0x0000000708a00000, 0x0000000708a00000, 0x0000000708c00000|  0%| F|  |TAMS 0x0000000708a00000, 0x0000000708a00000| Untracked 
|  51|0x0000000708c00000, 0x0000000708c00000, 0x0000000708e00000|  0%| F|  |TAMS 0x0000000708c00000, 0x0000000708c00000| Untracked 
|  52|0x0000000708e00000, 0x0000000709000000, 0x0000000709000000|100%| S|CS|TAMS 0x0000000708e00000, 0x0000000708e00000| Complete 
|  53|0x0000000709000000, 0x0000000709200000, 0x0000000709200000|100%| S|CS|TAMS 0x0000000709000000, 0x0000000709000000| Complete 
|  54|0x0000000709200000, 0x0000000709400000, 0x0000000709400000|100%| S|CS|TAMS 0x0000000709200000, 0x0000000709200000| Complete 
|  55|0x0000000709400000, 0x0000000709400000, 0x0000000709600000|  0%| F|  |TAMS 0x0000000709400000, 0x0000000709400000| Untracked 
|  56|0x0000000709600000, 0x0000000709600000, 0x0000000709800000|  0%| F|  |TAMS 0x0000000709600000, 0x0000000709600000| Untracked 
|  57|0x0000000709800000, 0x0000000709800000, 0x0000000709a00000|  0%| F|  |TAMS 0x0000000709800000, 0x0000000709800000| Untracked 
|  58|0x0000000709a00000, 0x0000000709a00000, 0x0000000709c00000|  0%| F|  |TAMS 0x0000000709a00000, 0x0000000709a00000| Untracked 
|  59|0x0000000709c00000, 0x0000000709c00000, 0x0000000709e00000|  0%| F|  |TAMS 0x0000000709c00000, 0x0000000709c00000| Untracked 
|  60|0x0000000709e00000, 0x0000000709e00000, 0x000000070a000000|  0%| F|  |TAMS 0x0000000709e00000, 0x0000000709e00000| Untracked 
|  61|0x000000070a000000, 0x000000070a000000, 0x000000070a200000|  0%| F|  |TAMS 0x000000070a000000, 0x000000070a000000| Untracked 
|  62|0x000000070a200000, 0x000000070a200000, 0x000000070a400000|  0%| F|  |TAMS 0x000000070a200000, 0x000000070a200000| Untracked 
|  63|0x000000070a400000, 0x000000070a400000, 0x000000070a600000|  0%| F|  |TAMS 0x000000070a400000, 0x000000070a400000| Untracked 
|  64|0x000000070a600000, 0x000000070a600000, 0x000000070a800000|  0%| F|  |TAMS 0x000000070a600000, 0x000000070a600000| Untracked 
|  65|0x000000070a800000, 0x000000070a800000, 0x000000070aa00000|  0%| F|  |TAMS 0x000000070a800000, 0x000000070a800000| Untracked 
|  66|0x000000070aa00000, 0x000000070aa00000, 0x000000070ac00000|  0%| F|  |TAMS 0x000000070aa00000, 0x000000070aa00000| Untracked 
|  67|0x000000070ac00000, 0x000000070ac00000, 0x000000070ae00000|  0%| F|  |TAMS 0x000000070ac00000, 0x000000070ac00000| Untracked 
|  68|0x000000070ae00000, 0x000000070ae00000, 0x000000070b000000|  0%| F|  |TAMS 0x000000070ae00000, 0x000000070ae00000| Untracked 
|  69|0x000000070b000000, 0x000000070b000000, 0x000000070b200000|  0%| F|  |TAMS 0x000000070b000000, 0x000000070b000000| Untracked 
|  70|0x000000070b200000, 0x000000070b200000, 0x000000070b400000|  0%| F|  |TAMS 0x000000070b200000, 0x000000070b200000| Untracked 
|  71|0x000000070b400000, 0x000000070b400000, 0x000000070b600000|  0%| F|  |TAMS 0x000000070b400000, 0x000000070b400000| Untracked 
|  72|0x000000070b600000, 0x000000070b600000, 0x000000070b800000|  0%| F|  |TAMS 0x000000070b600000, 0x000000070b600000| Untracked 
|  73|0x000000070b800000, 0x000000070b800000, 0x000000070ba00000|  0%| F|  |TAMS 0x000000070b800000, 0x000000070b800000| Untracked 
|  74|0x000000070ba00000, 0x000000070ba00000, 0x000000070bc00000|  0%| F|  |TAMS 0x000000070ba00000, 0x000000070ba00000| Untracked 
|  75|0x000000070bc00000, 0x000000070bc00000, 0x000000070be00000|  0%| F|  |TAMS 0x000000070bc00000, 0x000000070bc00000| Untracked 
|  76|0x000000070be00000, 0x000000070be00000, 0x000000070c000000|  0%| F|  |TAMS 0x000000070be00000, 0x000000070be00000| Untracked 
|  77|0x000000070c000000, 0x000000070c000000, 0x000000070c200000|  0%| F|  |TAMS 0x000000070c000000, 0x000000070c000000| Untracked 
|  78|0x000000070c200000, 0x000000070c200000, 0x000000070c400000|  0%| F|  |TAMS 0x000000070c200000, 0x000000070c200000| Untracked 
|  79|0x000000070c400000, 0x000000070c400000, 0x000000070c600000|  0%| F|  |TAMS 0x000000070c400000, 0x000000070c400000| Untracked 
|  80|0x000000070c600000, 0x000000070c600000, 0x000000070c800000|  0%| F|  |TAMS 0x000000070c600000, 0x000000070c600000| Untracked 
|  81|0x000000070c800000, 0x000000070c800000, 0x000000070ca00000|  0%| F|  |TAMS 0x000000070c800000, 0x000000070c800000| Untracked 
|  82|0x000000070ca00000, 0x000000070ca00000, 0x000000070cc00000|  0%| F|  |TAMS 0x000000070ca00000, 0x000000070ca00000| Untracked 
|  83|0x000000070cc00000, 0x000000070cc00000, 0x000000070ce00000|  0%| F|  |TAMS 0x000000070cc00000, 0x000000070cc00000| Untracked 
|  84|0x000000070ce00000, 0x000000070ce00000, 0x000000070d000000|  0%| F|  |TAMS 0x000000070ce00000, 0x000000070ce00000| Untracked 
|  85|0x000000070d000000, 0x000000070d000000, 0x000000070d200000|  0%| F|  |TAMS 0x000000070d000000, 0x000000070d000000| Untracked 
|  86|0x000000070d200000, 0x000000070d200000, 0x000000070d400000|  0%| F|  |TAMS 0x000000070d200000, 0x000000070d200000| Untracked 
|  87|0x000000070d400000, 0x000000070d400000, 0x000000070d600000|  0%| F|  |TAMS 0x000000070d400000, 0x000000070d400000| Untracked 
|  88|0x000000070d600000, 0x000000070d600000, 0x000000070d800000|  0%| F|  |TAMS 0x000000070d600000, 0x000000070d600000| Untracked 
|  89|0x000000070d800000, 0x000000070d800000, 0x000000070da00000|  0%| F|  |TAMS 0x000000070d800000, 0x000000070d800000| Untracked 
|  90|0x000000070da00000, 0x000000070da00000, 0x000000070dc00000|  0%| F|  |TAMS 0x000000070da00000, 0x000000070da00000| Untracked 
|  91|0x000000070dc00000, 0x000000070dc00000, 0x000000070de00000|  0%| F|  |TAMS 0x000000070dc00000, 0x000000070dc00000| Untracked 
|  92|0x000000070de00000, 0x000000070de00000, 0x000000070e000000|  0%| F|  |TAMS 0x000000070de00000, 0x000000070de00000| Untracked 
|  93|0x000000070e000000, 0x000000070e000000, 0x000000070e200000|  0%| F|  |TAMS 0x000000070e000000, 0x000000070e000000| Untracked 
|  94|0x000000070e200000, 0x000000070e200000, 0x000000070e400000|  0%| F|  |TAMS 0x000000070e200000, 0x000000070e200000| Untracked 
|  95|0x000000070e400000, 0x000000070e400000, 0x000000070e600000|  0%| F|  |TAMS 0x000000070e400000, 0x000000070e400000| Untracked 
|  96|0x000000070e600000, 0x000000070e600000, 0x000000070e800000|  0%| F|  |TAMS 0x000000070e600000, 0x000000070e600000| Untracked 
|  97|0x000000070e800000, 0x000000070e800000, 0x000000070ea00000|  0%| F|  |TAMS 0x000000070e800000, 0x000000070e800000| Untracked 
|  98|0x000000070ea00000, 0x000000070ea00000, 0x000000070ec00000|  0%| F|  |TAMS 0x000000070ea00000, 0x000000070ea00000| Untracked 
|  99|0x000000070ec00000, 0x000000070ec00000, 0x000000070ee00000|  0%| F|  |TAMS 0x000000070ec00000, 0x000000070ec00000| Untracked 
| 100|0x000000070ee00000, 0x000000070ee00000, 0x000000070f000000|  0%| F|  |TAMS 0x000000070ee00000, 0x000000070ee00000| Untracked 
| 101|0x000000070f000000, 0x000000070f000000, 0x000000070f200000|  0%| F|  |TAMS 0x000000070f000000, 0x000000070f000000| Untracked 
| 102|0x000000070f200000, 0x000000070f200000, 0x000000070f400000|  0%| F|  |TAMS 0x000000070f200000, 0x000000070f200000| Untracked 
| 103|0x000000070f400000, 0x000000070f400000, 0x000000070f600000|  0%| F|  |TAMS 0x000000070f400000, 0x000000070f400000| Untracked 
| 104|0x000000070f600000, 0x000000070f600000, 0x000000070f800000|  0%| F|  |TAMS 0x000000070f600000, 0x000000070f600000| Untracked 
| 105|0x000000070f800000, 0x000000070f800000, 0x000000070fa00000|  0%| F|  |TAMS 0x000000070f800000, 0x000000070f800000| Untracked 
| 106|0x000000070fa00000, 0x000000070fa00000, 0x000000070fc00000|  0%| F|  |TAMS 0x000000070fa00000, 0x000000070fa00000| Untracked 
| 107|0x000000070fc00000, 0x000000070fc00000, 0x000000070fe00000|  0%| F|  |TAMS 0x000000070fc00000, 0x000000070fc00000| Untracked 
| 108|0x000000070fe00000, 0x000000070fe00000, 0x0000000710000000|  0%| F|  |TAMS 0x000000070fe00000, 0x000000070fe00000| Untracked 
| 109|0x0000000710000000, 0x0000000710000000, 0x0000000710200000|  0%| F|  |TAMS 0x0000000710000000, 0x0000000710000000| Untracked 
| 110|0x0000000710200000, 0x0000000710200000, 0x0000000710400000|  0%| F|  |TAMS 0x0000000710200000, 0x0000000710200000| Untracked 
| 126|0x0000000712200000, 0x0000000712200000, 0x0000000712400000|  0%| F|  |TAMS 0x0000000712200000, 0x0000000712200000| Untracked 

Card table byte_map: [0x000002481d2c0000,0x000002481dab0000] _byte_map_base: 0x0000024819aad000

Marking Bits (Prev, Next): (CMBitMap*) 0x000002480842aaa0, (CMBitMap*) 0x000002480842aa60
 Prev Bits: [0x0000024822210000, 0x0000024826178000)
 Next Bits: [0x000002481e2a0000, 0x0000024822208000)

Polling page: 0x0000024808470000

Metaspace:

Usage:
  Non-class:     53.51 MB used.
      Class:      6.94 MB used.
       Both:     60.45 MB used.

Virtual space:
  Non-class space:       64.00 MB reserved,      53.69 MB ( 84%) committed,  1 nodes.
      Class space:        1.00 GB reserved,       7.06 MB ( <1%) committed,  1 nodes.
             Both:        1.06 GB reserved,      60.75 MB (  6%) committed. 

Chunk freelists:
   Non-Class:  9.48 MB
       Class:  8.88 MB
        Both:  18.36 MB

MaxMetaspaceSize: unlimited
CompressedClassSpaceSize: 1.00 GB
Initial GC threshold: 21.00 MB
Current GC threshold: 80.31 MB
CDS: off
MetaspaceReclaimPolicy: balanced
 - commit_granule_bytes: 65536.
 - commit_granule_words: 8192.
 - virtual_space_node_default_size: 8388608.
 - enlarge_chunks_in_place: 1.
 - new_chunks_are_fully_committed: 0.
 - uncommit_free_chunks: 1.
 - use_allocation_guard: 0.
 - handle_deallocations: 1.


Internal statistics:

num_allocs_failed_limit: 6.
num_arena_births: 282.
num_arena_deaths: 0.
num_vsnodes_births: 2.
num_vsnodes_deaths: 0.
num_space_committed: 970.
num_space_uncommitted: 0.
num_chunks_returned_to_freelist: 6.
num_chunks_taken_from_freelist: 2205.
num_chunk_merges: 6.
num_chunk_splits: 1786.
num_chunks_enlarged: 1621.
num_inconsistent_stats: 0.

CodeHeap 'non-profiled nmethods': size=120000Kb used=4187Kb max_used=4187Kb free=115813Kb
 bounds [0x0000024814b30000, 0x0000024814f50000, 0x000002481c060000]
CodeHeap 'profiled nmethods': size=120000Kb used=22219Kb max_used=22219Kb free=97780Kb
 bounds [0x000002480d060000, 0x000002480e620000, 0x0000024814590000]
CodeHeap 'non-nmethods': size=5760Kb used=1338Kb max_used=1435Kb free=4421Kb
 bounds [0x0000024814590000, 0x0000024814800000, 0x0000024814b30000]
 total_blobs=8006 nmethods=7350 adapters=567
 compilation: enabled
              stopped_count=0, restarted_count=0
 full_count=0

Compilation events (20 events):
Event: 7.248 Thread 0x000002482d0b3b00 8122       3       org.jetbrains.kotlin.resolve.calls.inference.components.ConstraintInjector$TypeCheckerStateForConstraintInjector::addNewIncorporatedConstraint (99 bytes)
Event: 7.250 Thread 0x000002482d0b3b00 nmethod 8122 0x000002480e608690 code [0x000002480e608ba0, 0x000002480e60b4a8]
Event: 7.250 Thread 0x000002482d0b3b00 8126       3       org.jetbrains.kotlin.name.FqNamesUtilKt::isSubpackageOf (30 bytes)
Event: 7.251 Thread 0x000002482d0b3b00 nmethod 8126 0x000002480e60c210 code [0x000002480e60c440, 0x000002480e60cc08]
Event: 7.251 Thread 0x000002482d0b3b00 8125       3       org.jetbrains.kotlin.fir.java.declarations.FirJavaMethod::getStatus (15 bytes)
Event: 7.251 Thread 0x000002482d0b3b00 nmethod 8125 0x000002480e60cf90 code [0x000002480e60d140, 0x000002480e60d428]
Event: 7.251 Thread 0x000002482d0b3b00 8124       3       org.jetbrains.kotlin.fir.resolve.calls.stages.CheckHiddenDeclaration$$Lambda$769/0x00000008006db598::invoke (20 bytes)
Event: 7.252 Thread 0x000002482d0b3b00 nmethod 8124 0x000002480e60d510 code [0x000002480e60d6c0, 0x000002480e60d908]
Event: 7.252 Thread 0x000002482d0b3b00 8120       3       org.jetbrains.kotlin.resolve.calls.inference.components.VariableFixationFinder$$Lambda$736/0x00000008006bcd98::<init> (15 bytes)
Event: 7.252 Thread 0x000002482d0b3b00 nmethod 8120 0x000002480e60da10 code [0x000002480e60dbc0, 0x000002480e60ddf8]
Event: 7.252 Thread 0x000002482d0b3b00 8113       3       org.jetbrains.kotlin.fir.resolve.calls.tower.FirTowerResolver$enqueueResolutionTasks$2::invokeSuspend (86 bytes)
Event: 7.252 Thread 0x000002482d0b3b00 nmethod 8113 0x000002480e60de90 code [0x000002480e60e0c0, 0x000002480e60ea38]
Event: 7.252 Thread 0x000002482d0b3b00 8123       3       org.jetbrains.kotlin.fir.expressions.impl.FirPropertyAccessExpressionImpl::replaceDispatchReceiver (6 bytes)
Event: 7.252 Thread 0x000002482d0b3b00 nmethod 8123 0x000002480e60ed10 code [0x000002480e60eea0, 0x000002480e60f018]
Event: 7.252 Thread 0x000002482d0b3b00 8108       3       org.jetbrains.kotlin.resolve.calls.inference.components.VariableFixationFinder::variableHasUnprocessedConstraintsInForks (173 bytes)
Event: 7.254 Thread 0x000002482d0b3b00 nmethod 8108 0x000002480e60f090 code [0x000002480e60f480, 0x000002480e6113c8]
Event: 7.254 Thread 0x000002482d0b3b00 8109       3       org.jetbrains.kotlin.resolve.calls.inference.components.VariableFixationFinder::isTypeInferenceForSelfTypesSupported (13 bytes)
Event: 7.254 Thread 0x000002482d0b3b00 nmethod 8109 0x000002480e611d10 code [0x000002480e611ec0, 0x000002480e6120e8]
Event: 7.254 Thread 0x000002482d0b3b00 8127       3       org.jetbrains.kotlin.fir.resolve.transformers.FirAbstractPhaseTransformer::<init> (58 bytes)
Event: 7.254 Thread 0x000002482d0b3b00 nmethod 8127 0x000002480e612210 code [0x000002480e612440, 0x000002480e612c38]

GC Heap History (20 events):
Event: 1.119 GC heap after
{Heap after GC invocations=5 (full 0):
 garbage-first heap   total 45056K, used 19083K [0x0000000702600000, 0x0000000800000000)
  region size 2048K, 2 young (4096K), 2 survivors (4096K)
 Metaspace       used 24631K, committed 24896K, reserved 1114112K
  class space    used 2672K, committed 2816K, reserved 1048576K
}
Event: 1.291 GC heap before
{Heap before GC invocations=5 (full 0):
 garbage-first heap   total 45056K, used 25227K [0x0000000702600000, 0x0000000800000000)
  region size 2048K, 6 young (12288K), 2 survivors (4096K)
 Metaspace       used 26794K, committed 27072K, reserved 1114112K
  class space    used 2934K, committed 3072K, reserved 1048576K
}
Event: 1.295 GC heap after
{Heap after GC invocations=6 (full 0):
 garbage-first heap   total 45056K, used 20483K [0x0000000702600000, 0x0000000800000000)
  region size 2048K, 1 young (2048K), 1 survivors (2048K)
 Metaspace       used 26794K, committed 27072K, reserved 1114112K
  class space    used 2934K, committed 3072K, reserved 1048576K
}
Event: 1.456 GC heap before
{Heap before GC invocations=6 (full 0):
 garbage-first heap   total 45056K, used 28675K [0x0000000702600000, 0x0000000800000000)
  region size 2048K, 5 young (10240K), 1 survivors (2048K)
 Metaspace       used 29093K, committed 29312K, reserved 1114112K
  class space    used 3238K, committed 3328K, reserved 1048576K
}
Event: 1.457 GC heap after
{Heap after GC invocations=7 (full 0):
 garbage-first heap   total 45056K, used 20049K [0x0000000702600000, 0x0000000800000000)
  region size 2048K, 1 young (2048K), 1 survivors (2048K)
 Metaspace       used 29093K, committed 29312K, reserved 1114112K
  class space    used 3238K, committed 3328K, reserved 1048576K
}
Event: 1.627 GC heap before
{Heap before GC invocations=8 (full 0):
 garbage-first heap   total 45056K, used 26193K [0x0000000702600000, 0x0000000800000000)
  region size 2048K, 5 young (10240K), 1 survivors (2048K)
 Metaspace       used 31737K, committed 32000K, reserved 1114112K
  class space    used 3974K, committed 4096K, reserved 1048576K
}
Event: 1.630 GC heap after
{Heap after GC invocations=9 (full 0):
 garbage-first heap   total 45056K, used 20652K [0x0000000702600000, 0x0000000800000000)
  region size 2048K, 1 young (2048K), 1 survivors (2048K)
 Metaspace       used 31737K, committed 32000K, reserved 1114112K
  class space    used 3974K, committed 4096K, reserved 1048576K
}
Event: 1.662 GC heap before
{Heap before GC invocations=9 (full 0):
 garbage-first heap   total 45056K, used 22700K [0x0000000702600000, 0x0000000800000000)
  region size 2048K, 2 young (4096K), 1 survivors (2048K)
 Metaspace       used 32162K, committed 32448K, reserved 1114112K
  class space    used 4026K, committed 4160K, reserved 1048576K
}
Event: 1.667 GC heap after
{Heap after GC invocations=10 (full 0):
 garbage-first heap   total 153600K, used 20635K [0x0000000702600000, 0x0000000800000000)
  region size 2048K, 1 young (2048K), 1 survivors (2048K)
 Metaspace       used 32162K, committed 32448K, reserved 1114112K
  class space    used 4026K, committed 4160K, reserved 1048576K
}
Event: 3.144 GC heap before
{Heap before GC invocations=10 (full 0):
 garbage-first heap   total 153600K, used 98459K [0x0000000702600000, 0x0000000800000000)
  region size 2048K, 39 young (79872K), 1 survivors (2048K)
 Metaspace       used 44651K, committed 44864K, reserved 1114112K
  class space    used 5269K, committed 5376K, reserved 1048576K
}
Event: 3.159 GC heap after
{Heap after GC invocations=11 (full 0):
 garbage-first heap   total 153600K, used 31958K [0x0000000702600000, 0x0000000800000000)
  region size 2048K, 5 young (10240K), 5 survivors (10240K)
 Metaspace       used 44651K, committed 44864K, reserved 1114112K
  class space    used 5269K, committed 5376K, reserved 1048576K
}
Event: 3.889 GC heap before
{Heap before GC invocations=11 (full 0):
 garbage-first heap   total 153600K, used 99542K [0x0000000702600000, 0x0000000800000000)
  region size 2048K, 39 young (79872K), 5 survivors (10240K)
 Metaspace       used 49019K, committed 49216K, reserved 1114112K
  class space    used 5683K, committed 5760K, reserved 1048576K
}
Event: 3.919 GC heap after
{Heap after GC invocations=12 (full 0):
 garbage-first heap   total 153600K, used 49836K [0x0000000702600000, 0x0000000800000000)
  region size 2048K, 5 young (10240K), 5 survivors (10240K)
 Metaspace       used 49019K, committed 49216K, reserved 1114112K
  class space    used 5683K, committed 5760K, reserved 1048576K
}
Event: 5.130 GC heap before
{Heap before GC invocations=13 (full 0):
 garbage-first heap   total 153600K, used 98988K [0x0000000702600000, 0x0000000800000000)
  region size 2048K, 29 young (59392K), 5 survivors (10240K)
 Metaspace       used 57620K, committed 57856K, reserved 1114112K
  class space    used 6711K, committed 6848K, reserved 1048576K
}
Event: 5.162 GC heap after
{Heap after GC invocations=14 (full 0):
 garbage-first heap   total 153600K, used 59392K [0x0000000702600000, 0x0000000800000000)
  region size 2048K, 4 young (8192K), 4 survivors (8192K)
 Metaspace       used 57620K, committed 57856K, reserved 1114112K
  class space    used 6711K, committed 6848K, reserved 1048576K
}
Event: 5.210 GC heap before
{Heap before GC invocations=14 (full 0):
 garbage-first heap   total 153600K, used 61440K [0x0000000702600000, 0x0000000800000000)
  region size 2048K, 5 young (10240K), 4 survivors (8192K)
 Metaspace       used 58043K, committed 58304K, reserved 1114112K
  class space    used 6780K, committed 6912K, reserved 1048576K
}
Event: 5.234 GC heap after
{Heap after GC invocations=15 (full 0):
 garbage-first heap   total 153600K, used 60384K [0x0000000702600000, 0x0000000800000000)
  region size 2048K, 1 young (2048K), 1 survivors (2048K)
 Metaspace       used 58043K, committed 58304K, reserved 1114112K
  class space    used 6780K, committed 6912K, reserved 1048576K
}
Event: 6.320 GC heap before
{Heap before GC invocations=15 (full 0):
 garbage-first heap   total 153600K, used 105440K [0x0000000702600000, 0x0000000800000000)
  region size 2048K, 23 young (47104K), 1 survivors (2048K)
 Metaspace       used 60679K, committed 61056K, reserved 1114112K
  class space    used 7060K, committed 7232K, reserved 1048576K
}
Event: 6.335 GC heap after
{Heap after GC invocations=16 (full 0):
 garbage-first heap   total 153600K, used 68838K [0x0000000702600000, 0x0000000800000000)
  region size 2048K, 3 young (6144K), 3 survivors (6144K)
 Metaspace       used 60679K, committed 61056K, reserved 1114112K
  class space    used 7060K, committed 7232K, reserved 1048576K
}
Event: 7.255 GC heap before
{Heap before GC invocations=16 (full 0):
 garbage-first heap   total 153600K, used 109798K [0x0000000702600000, 0x0000000800000000)
  region size 2048K, 23 young (47104K), 3 survivors (6144K)
 Metaspace       used 61897K, committed 62208K, reserved 1114112K
  class space    used 7103K, committed 7232K, reserved 1048576K
}

Dll operation events (2 events):
Event: 0.006 Loaded shared library C:\Program Files\Android\Android Studio\jbr\bin\java.dll
Event: 1.069 Loaded shared library C:\Program Files\Android\Android Studio\jbr\bin\verify.dll

Deoptimization events (20 events):
Event: 6.516 Thread 0x00000248083be7c0 Uncommon trap: trap_request=0xffffff45 fr.pc=0x0000024814cd9598 relative=0x00000000000005d8
Event: 6.516 Thread 0x00000248083be7c0 Uncommon trap: reason=unstable_if action=reinterpret pc=0x0000024814cd9598 method=org.jetbrains.kotlin.KtSourceElementKt.fakeElement(Lorg/jetbrains/kotlin/KtSourceElement;Lorg/jetbrains/kotlin/KtFakeSourceElementKind;II)Lorg/jetbrains/kotlin/KtSourceEleme
Event: 6.516 Thread 0x00000248083be7c0 DEOPT PACKING pc=0x0000024814cd9598 sp=0x000000a4756fb340
Event: 6.516 Thread 0x00000248083be7c0 DEOPT UNPACKING pc=0x00000248145e69a3 sp=0x000000a4756fb2f8 mode 2
Event: 7.012 Thread 0x00000248083be7c0 Uncommon trap: trap_request=0xffffffde fr.pc=0x0000024814f134f4 relative=0x0000000000001034
Event: 7.012 Thread 0x00000248083be7c0 Uncommon trap: reason=class_check action=maybe_recompile pc=0x0000024814f134f4 method=org.jetbrains.kotlin.fir.resolve.calls.tower.FirBaseTowerResolveTask.processLevel(Lorg/jetbrains/kotlin/fir/resolve/calls/tower/TowerScopeLevel;Lorg/jetbrains/kotlin/fir
Event: 7.012 Thread 0x00000248083be7c0 DEOPT PACKING pc=0x0000024814f134f4 sp=0x000000a4756f8f50
Event: 7.012 Thread 0x00000248083be7c0 DEOPT UNPACKING pc=0x00000248145e69a3 sp=0x000000a4756f8ea8 mode 2
Event: 7.016 Thread 0x00000248083be7c0 Uncommon trap: trap_request=0xffffff45 fr.pc=0x0000024814f08fa4 relative=0x0000000000000a64
Event: 7.016 Thread 0x00000248083be7c0 Uncommon trap: reason=unstable_if action=reinterpret pc=0x0000024814f08fa4 method=org.jetbrains.kotlin.fir.resolve.calls.tower.TowerGroup.compareTo(Lorg/jetbrains/kotlin/fir/resolve/calls/tower/TowerGroup;)I @ 25 c2
Event: 7.016 Thread 0x00000248083be7c0 DEOPT PACKING pc=0x0000024814f08fa4 sp=0x000000a4756f8c70
Event: 7.016 Thread 0x00000248083be7c0 DEOPT UNPACKING pc=0x00000248145e69a3 sp=0x000000a4756f8b70 mode 2
Event: 7.019 Thread 0x00000248083be7c0 Uncommon trap: trap_request=0xffffff45 fr.pc=0x0000024814eede78 relative=0x00000000000001b8
Event: 7.019 Thread 0x00000248083be7c0 Uncommon trap: reason=unstable_if action=reinterpret pc=0x0000024814eede78 method=org.jetbrains.kotlin.fir.resolve.calls.tower.TowerGroup.compareTo(Lorg/jetbrains/kotlin/fir/resolve/calls/tower/TowerGroup;)I @ 18 c2
Event: 7.019 Thread 0x00000248083be7c0 DEOPT PACKING pc=0x0000024814eede78 sp=0x000000a4756f8c40
Event: 7.019 Thread 0x00000248083be7c0 DEOPT UNPACKING pc=0x00000248145e69a3 sp=0x000000a4756f8a40 mode 2
Event: 7.019 Thread 0x00000248083be7c0 Uncommon trap: trap_request=0xffffff45 fr.pc=0x0000024814efd324 relative=0x0000000000000104
Event: 7.019 Thread 0x00000248083be7c0 Uncommon trap: reason=unstable_if action=reinterpret pc=0x0000024814efd324 method=org.jetbrains.kotlin.fir.resolve.calls.tower.TowerGroup.compareTo(Lorg/jetbrains/kotlin/fir/resolve/calls/tower/TowerGroup;)I @ 18 c2
Event: 7.019 Thread 0x00000248083be7c0 DEOPT PACKING pc=0x0000024814efd324 sp=0x000000a4756f8fc0
Event: 7.019 Thread 0x00000248083be7c0 DEOPT UNPACKING pc=0x00000248145e69a3 sp=0x000000a4756f8ee8 mode 2

Classes unloaded (0 events):
No events

Classes redefined (0 events):
No events

Internal exceptions (20 events):
Event: 4.280 Thread 0x00000248083be7c0 Exception <a 'java/lang/NoSuchMethodError'{0x000000070ad193a8}: 'java.lang.Object java.lang.invoke.Invokers$Holder.invokeExact_MT(java.lang.Object, java.lang.Object, long, java.lang.Object)'> (0x000000070ad193a8) 
thrown [s\src\hotspot\share\interpreter\linkResolver.cpp, line 771]
Event: 4.404 Thread 0x00000248083be7c0 Implicit null exception at 0x0000024814de60d0 to 0x0000024814de6208
Event: 5.191 Thread 0x00000248083be7c0 Exception <a 'java/lang/NoSuchMethodError'{0x0000000712332ba0}: 'java.lang.Object java.lang.invoke.DirectMethodHandle$Holder.invokeStatic(java.lang.Object, java.lang.Object, java.lang.Object, java.lang.Object, int)'> (0x0000000712332ba0) 
thrown [s\src\hotspot\share\interpreter\linkResolver.cpp, line 771]
Event: 5.192 Thread 0x00000248083be7c0 Exception <a 'java/lang/NoSuchMethodError'{0x000000071233bd98}: 'java.lang.Object java.lang.invoke.DirectMethodHandle$Holder.newInvokeSpecial(java.lang.Object, java.lang.Object, java.lang.Object, java.lang.Object, int)'> (0x000000071233bd98) 
thrown [s\src\hotspot\share\interpreter\linkResolver.cpp, line 771]
Event: 5.193 Thread 0x00000248083be7c0 Exception <a 'java/lang/NoSuchMethodError'{0x0000000712343c68}: 'java.lang.Object java.lang.invoke.Invokers$Holder.linkToTargetMethod(java.lang.Object, java.lang.Object, java.lang.Object, int, java.lang.Object)'> (0x0000000712343c68) 
thrown [s\src\hotspot\share\interpreter\linkResolver.cpp, line 771]
Event: 5.197 Thread 0x00000248083be7c0 Exception <a 'java/lang/NoSuchMethodError'{0x0000000712374e60}: 'java.lang.Object java.lang.invoke.DirectMethodHandle$Holder.newInvokeSpecial(java.lang.Object, java.lang.Object, java.lang.Object, java.lang.Object, int, java.lang.Object, java.lang.Object)'> (0x0000000712374e60) 
thrown [s\src\hotspot\share\interpreter\linkResolver.cpp, line 771]
Event: 5.198 Thread 0x00000248083be7c0 Exception <a 'java/lang/NoSuchMethodError'{0x000000071237e458}: 'java.lang.Object java.lang.invoke.Invokers$Holder.linkToTargetMethod(java.lang.Object, java.lang.Object, java.lang.Object, int, java.lang.Object, java.lang.Object, java.lang.Object)'> (0x000000071237e458) 
thrown [s\src\hotspot\share\interpreter\linkResolver.cpp, line 771]
Event: 5.273 Thread 0x00000248083be7c0 Exception <a 'java/lang/NoSuchMethodError'{0x0000000710001188}: 'java.lang.Object java.lang.invoke.DirectMethodHandle$Holder.newInvokeSpecial(java.lang.Object, int, java.lang.Object)'> (0x0000000710001188) 
thrown [s\src\hotspot\share\interpreter\linkResolver.cpp, line 771]
Event: 5.503 Thread 0x00000248083be7c0 Exception <a 'java/lang/NoSuchMethodError'{0x000000070b1feb20}: 'java.lang.Object java.lang.invoke.DirectMethodHandle$Holder.invokeSpecial(java.lang.Object, java.lang.Object, int, java.lang.Object, java.lang.Object)'> (0x000000070b1feb20) 
thrown [s\src\hotspot\share\interpreter\linkResolver.cpp, line 771]
Event: 5.532 Thread 0x00000248083be7c0 Exception <a 'java/lang/NoSuchMethodError'{0x000000070af38810}: 'java.lang.Object java.lang.invoke.DirectMethodHandle$Holder.invokeStatic(java.lang.Object, int, java.lang.Object, java.lang.Object)'> (0x000000070af38810) 
thrown [s\src\hotspot\share\interpreter\linkResolver.cpp, line 771]
Event: 5.641 Thread 0x00000248083be7c0 Implicit null exception at 0x0000024814cffc6f to 0x0000024814cffe5c
Event: 5.784 Thread 0x00000248083be7c0 Exception <a 'java/lang/NoSuchMethodError'{0x000000070a50a160}: 'java.lang.Object java.lang.invoke.DirectMethodHandle$Holder.invokeStatic(java.lang.Object, java.lang.Object, java.lang.Object, int, java.lang.Object, java.lang.Object)'> (0x000000070a50a160) 
thrown [s\src\hotspot\share\interpreter\linkResolver.cpp, line 771]
Event: 5.895 Thread 0x00000248083be7c0 Exception <a 'java/lang/NoSuchMethodError'{0x000000070a3e3d08}: 'java.lang.Object java.lang.invoke.DirectMethodHandle$Holder.invokeStatic(java.lang.Object, int, java.lang.Object)'> (0x000000070a3e3d08) 
thrown [s\src\hotspot\share\interpreter\linkResolver.cpp, line 771]
Event: 5.910 Thread 0x00000248083be7c0 Exception <a 'java/lang/NoSuchMethodError'{0x000000070a12b848}: 'java.lang.Object java.lang.invoke.DirectMethodHandle$Holder.newInvokeSpecial(java.lang.Object, java.lang.Object, java.lang.Object, java.lang.Object, java.lang.Object, int)'> (0x000000070a12b848) 
thrown [s\src\hotspot\share\interpreter\linkResolver.cpp, line 771]
Event: 5.911 Thread 0x00000248083be7c0 Exception <a 'java/lang/NoSuchMethodError'{0x000000070a133ee0}: 'java.lang.Object java.lang.invoke.Invokers$Holder.linkToTargetMethod(java.lang.Object, java.lang.Object, java.lang.Object, java.lang.Object, int, java.lang.Object)'> (0x000000070a133ee0) 
thrown [s\src\hotspot\share\interpreter\linkResolver.cpp, line 771]
Event: 6.016 Thread 0x00000248083be7c0 Exception <a 'java/lang/NoSuchMethodError'{0x0000000709d02f58}: 'java.lang.Object java.lang.invoke.DirectMethodHandle$Holder.newInvokeSpecial(java.lang.Object, java.lang.Object, java.lang.Object, java.lang.Object, java.lang.Object, java.lang.Object, java.lang.Object, java.lang.Object, java.lang.Object)'> (0x0000000709d02f58) 
thrown [s\src\hotspot\share\interpreter\linkResolver.cpp, line 771]
Event: 6.016 Thread 0x00000248083be7c0 Exception <a 'java/lang/NoSuchMethodError'{0x0000000709d08818}: 'java.lang.Object java.lang.invoke.DirectMethodHandle$Holder.invokeSpecial(java.lang.Object, java.lang.Object, java.lang.Object, java.lang.Object, java.lang.Object, java.lang.Object, java.lang.Object, java.lang.Object, java.lang.Object, java.lang.Object)'> (0x0000000709d08818) 
thrown [s\src\hotspot\share\interpreter\linkResolver.cpp, line 771]
Event: 6.016 Thread 0x00000248083be7c0 Exception <a 'java/lang/NoSuchMethodError'{0x0000000709d0d088}: 'java.lang.Object java.lang.invoke.Invokers$Holder.linkToTargetMethod(java.lang.Object, java.lang.Object, java.lang.Object, java.lang.Object, java.lang.Object, java.lang.Object, java.lang.Object, java.lang.Object, java.lang.Object)'> (0x0000000709d0d088) 
thrown [s\src\hotspot\share\interpreter\linkResolver.cpp, line 771]
Event: 6.373 Thread 0x00000248083be7c0 Exception <a 'java/lang/NoSuchMethodError'{0x000000071236f2a8}: 'java.lang.Object java.lang.invoke.DirectMethodHandle$Holder.newInvokeSpecial(java.lang.Object, int, java.lang.Object, java.lang.Object, java.lang.Object)'> (0x000000071236f2a8) 
thrown [s\src\hotspot\share\interpreter\linkResolver.cpp, line 771]
Event: 6.373 Thread 0x00000248083be7c0 Exception <a 'java/lang/NoSuchMethodError'{0x00000007123778c8}: 'java.lang.Object java.lang.invoke.Invokers$Holder.linkToTargetMethod(int, java.lang.Object, java.lang.Object, java.lang.Object, java.lang.Object)'> (0x00000007123778c8) 
thrown [s\src\hotspot\share\interpreter\linkResolver.cpp, line 771]

VM Operations (20 events):
Event: 6.147 Executing VM operation: HandshakeAllThreads done
Event: 6.153 Executing VM operation: ICBufferFull
Event: 6.154 Executing VM operation: ICBufferFull done
Event: 6.319 Executing VM operation: G1CollectForAllocation
Event: 6.335 Executing VM operation: G1CollectForAllocation done
Event: 6.509 Executing VM operation: ICBufferFull
Event: 6.509 Executing VM operation: ICBufferFull done
Event: 6.701 Executing VM operation: ICBufferFull
Event: 6.701 Executing VM operation: ICBufferFull done
Event: 6.847 Executing VM operation: ICBufferFull
Event: 6.847 Executing VM operation: ICBufferFull done
Event: 7.014 Executing VM operation: HandshakeAllThreads
Event: 7.014 Executing VM operation: HandshakeAllThreads done
Event: 7.021 Executing VM operation: HandshakeAllThreads
Event: 7.021 Executing VM operation: HandshakeAllThreads done
Event: 7.022 Executing VM operation: HandshakeAllThreads
Event: 7.022 Executing VM operation: HandshakeAllThreads done
Event: 7.143 Executing VM operation: ICBufferFull
Event: 7.143 Executing VM operation: ICBufferFull done
Event: 7.255 Executing VM operation: G1CollectForAllocation

Events (20 events):
Event: 4.374 loading class java/util/stream/ReferencePipeline$2$1
Event: 4.374 loading class java/util/stream/ReferencePipeline$2$1 done
Event: 4.385 loading class java/util/AbstractList$SubList
Event: 4.385 loading class java/util/AbstractList$SubList done
Event: 4.385 loading class java/util/AbstractList$SubList$1
Event: 4.385 loading class java/util/AbstractList$SubList$1 done
Event: 4.400 loading class java/util/Collections$SynchronizedSet
Event: 4.400 loading class java/util/Collections$SynchronizedCollection
Event: 4.400 loading class java/util/Collections$SynchronizedCollection done
Event: 4.400 loading class java/util/Collections$SynchronizedSet done
Event: 5.175 loading class java/util/AbstractList$RandomAccessSubList
Event: 5.175 loading class java/util/AbstractList$RandomAccessSubList done
Event: 5.708 loading class java/lang/Byte$ByteCache
Event: 5.708 loading class java/lang/Byte$ByteCache done
Event: 5.766 loading class java/lang/Short$ShortCache
Event: 5.766 loading class java/lang/Short$ShortCache done
Event: 6.150 Thread 0x000002482d0b4500 flushing nmethod 0x000002480d17a790
Event: 6.152 Thread 0x000002482d0b4500 flushing nmethod 0x000002480d448c10
Event: 6.382 loading class java/util/RegularEnumSet$EnumSetIterator
Event: 6.382 loading class java/util/RegularEnumSet$EnumSetIterator done


Dynamic libraries:
0x00007ff6b1220000 - 0x00007ff6b122a000 	C:\Program Files\Android\Android Studio\jbr\bin\java.exe
0x00007ffaa17b0000 - 0x00007ffaa19c7000 	C:\WINDOWS\SYSTEM32\ntdll.dll
0x00007ffaa0830000 - 0x00007ffaa08f4000 	C:\WINDOWS\System32\KERNEL32.DLL
0x00007ffa9e920000 - 0x00007ffa9ecf1000 	C:\WINDOWS\System32\KERNELBASE.dll
0x00007ffa9f120000 - 0x00007ffa9f231000 	C:\WINDOWS\System32\ucrtbase.dll
0x00007ffa7d1d0000 - 0x00007ffa7d1e7000 	C:\Program Files\Android\Android Studio\jbr\bin\jli.dll
0x00007ffa7cdf0000 - 0x00007ffa7ce0b000 	C:\Program Files\Android\Android Studio\jbr\bin\VCRUNTIME140.dll
0x00007ffaa01a0000 - 0x00007ffaa0351000 	C:\WINDOWS\System32\USER32.dll
0x00007ffa789c0000 - 0x00007ffa78c52000 	C:\WINDOWS\WinSxS\amd64_microsoft.windows.common-controls_6595b64144ccf1df_6.0.22621.4830_none_270fe7d773858e80\COMCTL32.dll
0x00007ffa9e8f0000 - 0x00007ffa9e916000 	C:\WINDOWS\System32\win32u.dll
0x00007ffaa0060000 - 0x00007ffaa0107000 	C:\WINDOWS\System32\msvcrt.dll
0x00007ffa9f4f0000 - 0x00007ffa9f519000 	C:\WINDOWS\System32\GDI32.dll
0x00007ffa9f2e0000 - 0x00007ffa9f3fb000 	C:\WINDOWS\System32\gdi32full.dll
0x00007ffa9f240000 - 0x00007ffa9f2da000 	C:\WINDOWS\System32\msvcp_win.dll
0x00007ffaa0c70000 - 0x00007ffaa0ca1000 	C:\WINDOWS\System32\IMM32.DLL
0x00007ffa8b050000 - 0x00007ffa8b05c000 	C:\Program Files\Android\Android Studio\jbr\bin\vcruntime140_1.dll
0x00007ffa79410000 - 0x00007ffa7949d000 	C:\Program Files\Android\Android Studio\jbr\bin\msvcp140.dll
0x00007ffa34990000 - 0x00007ffa35613000 	C:\Program Files\Android\Android Studio\jbr\bin\server\jvm.dll
0x00007ffaa0900000 - 0x00007ffaa09b1000 	C:\WINDOWS\System32\ADVAPI32.dll
0x00007ffaa0a60000 - 0x00007ffaa0b07000 	C:\WINDOWS\System32\sechost.dll
0x00007ffa9ef30000 - 0x00007ffa9ef58000 	C:\WINDOWS\System32\bcrypt.dll
0x00007ffa9ff40000 - 0x00007ffaa0054000 	C:\WINDOWS\System32\RPCRT4.dll
0x00007ffa9d760000 - 0x00007ffa9d7ad000 	C:\WINDOWS\SYSTEM32\POWRPROF.dll
0x00007ffa76c20000 - 0x00007ffa76c29000 	C:\WINDOWS\SYSTEM32\WSOCK32.dll
0x00007ffaa0440000 - 0x00007ffaa04b1000 	C:\WINDOWS\System32\WS2_32.dll
0x00007ffa8e8f0000 - 0x00007ffa8e924000 	C:\WINDOWS\SYSTEM32\WINMM.dll
0x00007ffa9b0d0000 - 0x00007ffa9b0da000 	C:\WINDOWS\SYSTEM32\VERSION.dll
0x00007ffa9d740000 - 0x00007ffa9d753000 	C:\WINDOWS\SYSTEM32\UMPDC.dll
0x00007ffa9d9f0000 - 0x00007ffa9da08000 	C:\WINDOWS\SYSTEM32\kernel.appcore.dll
0x00007ffa97d10000 - 0x00007ffa97d1a000 	C:\Program Files\Android\Android Studio\jbr\bin\jimage.dll
0x00007ffa99190000 - 0x00007ffa993c2000 	C:\WINDOWS\SYSTEM32\DBGHELP.DLL
0x00007ffa9f520000 - 0x00007ffa9f8b0000 	C:\WINDOWS\System32\combase.dll
0x00007ffaa0360000 - 0x00007ffaa0437000 	C:\WINDOWS\System32\OLEAUT32.dll
0x00007ffa98be0000 - 0x00007ffa98c12000 	C:\WINDOWS\SYSTEM32\dbgcore.DLL
0x00007ffa9ef60000 - 0x00007ffa9efdb000 	C:\WINDOWS\System32\bcryptPrimitives.dll
0x00007ffa7d9f0000 - 0x00007ffa7da15000 	C:\Program Files\Android\Android Studio\jbr\bin\java.dll
0x00007ffa96e80000 - 0x00007ffa96e98000 	C:\Program Files\Android\Android Studio\jbr\bin\zip.dll
0x00007ffaa0cb0000 - 0x00007ffaa1538000 	C:\WINDOWS\System32\SHELL32.dll
0x00007ffa9efe0000 - 0x00007ffa9f11f000 	C:\WINDOWS\System32\wintypes.dll
0x00007ffa9c810000 - 0x00007ffa9d11c000 	C:\WINDOWS\SYSTEM32\windows.storage.dll
0x00007ffaa0610000 - 0x00007ffaa071a000 	C:\WINDOWS\System32\SHCORE.dll
0x00007ffa9f480000 - 0x00007ffa9f4de000 	C:\WINDOWS\System32\shlwapi.dll
0x00007ffa9e820000 - 0x00007ffa9e84b000 	C:\WINDOWS\SYSTEM32\profapi.dll
0x00007ffa8d330000 - 0x00007ffa8d349000 	C:\Program Files\Android\Android Studio\jbr\bin\net.dll
0x00007ffa9b230000 - 0x00007ffa9b35c000 	C:\WINDOWS\SYSTEM32\WINHTTP.dll
0x00007ffa9de50000 - 0x00007ffa9deba000 	C:\WINDOWS\system32\mswsock.dll
0x00007ffa8d180000 - 0x00007ffa8d196000 	C:\Program Files\Android\Android Studio\jbr\bin\nio.dll
0x00007ffa8d280000 - 0x00007ffa8d290000 	C:\Program Files\Android\Android Studio\jbr\bin\verify.dll

dbghelp: loaded successfully - version: 4.0.5 - missing functions: none
symbol engine: initialized successfully - sym options: 0x614 - pdb path: .;C:\Program Files\Android\Android Studio\jbr\bin;C:\WINDOWS\SYSTEM32;C:\WINDOWS\WinSxS\amd64_microsoft.windows.common-controls_6595b64144ccf1df_6.0.22621.4830_none_270fe7d773858e80;C:\Program Files\Android\Android Studio\jbr\bin\server

VM Arguments:
java_command: org.jetbrains.kotlin.cli.jvm.K2JVMCompiler @C:\Users\msi\AndroidStudioProjects\HackFusion\app\build\20250317_18089620980919004766.compiler.options
java_class_path (initial): C:\Users\msi\.gradle\caches\modules-2\files-2.1\org.jetbrains.kotlin\kotlin-compiler-embeddable\2.1.0\988bf980588bbbcfa1ba19c1ffd7aa869b335a31\kotlin-compiler-embeddable-2.1.0.jar;C:\Users\msi\.gradle\caches\modules-2\files-2.1\org.jetbrains.kotlin\kotlin-stdlib\2.1.0\85f8b81009cda5890e54ba67d64b5e599c645020\kotlin-stdlib-2.1.0.jar;C:\Users\msi\.gradle\caches\modules-2\files-2.1\org.jetbrains.kotlin\kotlin-script-runtime\2.1.0\5909da8c57b75a117714ab0e348c86101b7a3284\kotlin-script-runtime-2.1.0.jar;C:\Users\msi\.gradle\caches\modules-2\files-2.1\org.jetbrains.kotlin\kotlin-reflect\1.6.10\1cbe9c92c12a94eea200d23c2bbaedaf3daf5132\kotlin-reflect-1.6.10.jar;C:\Users\msi\.gradle\caches\modules-2\files-2.1\org.jetbrains.kotlin\kotlin-daemon-embeddable\2.1.0\420bae1908e4a353f5b56c3c850d24d86367b25d\kotlin-daemon-embeddable-2.1.0.jar;C:\Users\msi\.gradle\caches\modules-2\files-2.1\org.jetbrains.intellij.deps\trove4j\1.0.20200330\3afb14d5f9ceb459d724e907a21145e8ff394f02\trove4j-1.0.20200330.jar;C:\Users\msi\.gradle\caches\modules-2\files-2.1\org.jetbrains.kotlinx\kotlinx-coroutines-core-jvm\1.6.4\2c997cd1c0ef33f3e751d3831929aeff1390cb30\kotlinx-coroutines-core-jvm-1.6.4.jar;C:\Users\msi\.gradle\caches\modules-2\files-2.1\org.jetbrains\annotations\13.0\919f0dfe192fb4e063e7dacadee7f8bb9a2672a9\annotations-13.0.jar
Launcher Type: SUN_STANDARD

[Global flags]
     intx CICompilerCount                          = 4                                         {product} {ergonomic}
     uint ConcGCThreads                            = 2                                         {product} {ergonomic}
     uint G1ConcRefinementThreads                  = 8                                         {product} {ergonomic}
   size_t G1HeapRegionSize                         = 2097152                                   {product} {ergonomic}
    uintx GCDrainStackTargetSize                   = 64                                        {product} {ergonomic}
   size_t InitialHeapSize                          = 266338304                                 {product} {ergonomic}
   size_t MarkStackSize                            = 4194304                                   {product} {ergonomic}
   size_t MaxHeapSize                              = 4255121408                                {product} {ergonomic}
   size_t MaxNewSize                               = 2552233984                                {product} {ergonomic}
   size_t MinHeapDeltaBytes                        = 2097152                                   {product} {ergonomic}
   size_t MinHeapSize                              = 8388608                                   {product} {ergonomic}
    uintx NonNMethodCodeHeapSize                   = 5839372                                {pd product} {ergonomic}
    uintx NonProfiledCodeHeapSize                  = 122909434                              {pd product} {ergonomic}
    uintx ProfiledCodeHeapSize                     = 122909434                              {pd product} {ergonomic}
    uintx ReservedCodeCacheSize                    = 251658240                              {pd product} {ergonomic}
     bool SegmentedCodeCache                       = true                                      {product} {ergonomic}
   size_t SoftMaxHeapSize                          = 4255121408                             {manageable} {ergonomic}
     bool UseCompressedClassPointers               = true                           {product lp64_product} {ergonomic}
     bool UseCompressedOops                        = true                           {product lp64_product} {ergonomic}
     bool UseG1GC                                  = true                                      {product} {ergonomic}
     bool UseLargePagesIndividualAllocation        = false                                  {pd product} {ergonomic}

Logging:
Log output configuration:
 #0: stdout all=warning uptime,level,tags
 #1: stderr all=off uptime,level,tags

Environment Variables:
PATH=C:\Program Files\Common Files\Oracle\Java\javapath;C:\Users\msi\AppData\Local\Programs\Python\Python312\Scripts\;C:\Users\msi\AppData\Local\Programs\Python\Python312\;C:\WINDOWS\system32;C:\WINDOWS;C:\WINDOWS\System32\Wbem;C:\WINDOWS\System32\WindowsPowerShell\v1.0\;C:\WINDOWS\System32\OpenSSH\;C:\Program Files\Microsoft SQL Server\120\Tools\Binn\;C:\Program Files\MySQL\MySQL Server 8.0\bin;C:\Program Files\dotnet\;C:\ProgramData\chocolatey\bin;C:\MinGW\bin;C:\Program Files\Git\cmd;C:\Program Files\Java\jdk-23\bin;C:\Program Files\nodejs\;C:\Program Files\OpenSSL-Win64\bin;C:\Users\msi\AppData\Local\Programs\Python\Launcher\;C:\Users\msi\AppData\Local\Microsoft\WindowsApps;C:\Users\msi\AppData\Local\Programs\Microsoft VS Code\bin;C:\Users\msi\AppData\Local\Muse Hub\lib;C:\ProgramData\msi\GitHubDesktop\bin;C:\Program Files\nodejs\;C:\apktool;C:\Users\msi\AppData\Local\GitHubDesktop\bin;C:\Program Files\Java\;C:\MinGW\bin;C:\Program Files\Java\jdk-23\bin;C:\Users\msi\AppData\Roaming\npm;C:\Program Files\OpenSSL-Win64\bin;
USERNAME=msi
OS=Windows_NT
PROCESSOR_IDENTIFIER=Intel64 Family 6 Model 158 Stepping 13, GenuineIntel
TMP=C:\Users\msi\AppData\Local\Temp
TEMP=C:\Users\msi\AppData\Local\Temp



Periodic native trim disabled

JNI global refs:
JNI global refs: 12, weak refs: 4

JNI global refs memory usage: 843, weak refs: 841

OOME stack traces (most recent first):
Classloader memory used:
Loader jdk.internal.loader.ClassLoaders$AppClassLoader                                 : 6407K
Loader bootstrap                                                                       : 1307K
Loader java.net.URLClassLoader                                                         : 20969B
Loader jdk.internal.reflect.DelegatingClassLoader                                      : 2101B


---------------  S Y S T E M  ---------------

OS:
 Windows 11 , 64 bit Build 22621 (10.0.22621.4974)
OS uptime: 0 days 2:00 hours
Hyper-V role detected

CPU: total 8 (initial active 8) (4 cores per cpu, 2 threads per core) family 6 model 158 stepping 13 microcode 0xde, cx8, cmov, fxsr, ht, mmx, 3dnowpref, sse, sse2, sse3, ssse3, sse4.1, sse4.2, popcnt, lzcnt, tsc, tscinvbit, avx, avx2, aes, erms, clmul, bmi1, bmi2, adx, fma, vzeroupper, clflush, clflushopt, hv
Processor Information for all 8 processors :
  Max Mhz: 2401, Current Mhz: 2400, Mhz Limit: 2376

Memory: 4k page, system-wide physical 16228M (1934M free)
TotalPageFile size 16228M (AvailPageFile size 27M)
current process WorkingSet (physical memory assigned to process): 346M, peak: 346M
current process commit charge ("private bytes"): 458M, peak: 490M

vm_info: OpenJDK 64-Bit Server VM (17.0.10+0--11609105) for windows-amd64 JRE (17.0.10+0--11609105), built on Mar 21 2024 19:10:56 by "androidbuild" with MS VC++ 16.10 / 16.11 (VS2019)

END.
